<?xml version="1.0" encoding="UTF-8"?>
<!-- Generated by org.testng.reporters.JUnitXMLReporter -->
<testsuite hostname="EVS01CPB237" ignored="0" name="Default test" tests="44" failures="1" timestamp="04 Jul 2017 07:59:58 GMT" time="106.896" errors="0">
  <testcase name="testlogin" time="5.261" classname="testcases.HybridExecuteTest"/>
  <testcase name="testlogin" time="1.825" classname="testcases.HybridExecuteTest"/>
  <testcase name="testlogin" time="0.068" classname="testcases.HybridExecuteTest"/>
  <testcase name="testlogin" time="0.041" classname="testcases.HybridExecuteTest"/>
  <testcase name="testlogin" time="1.071" classname="testcases.HybridExecuteTest"/>
  <testcase name="testlogin" time="0.194" classname="testcases.HybridExecuteTest"/>
  <testcase name="testlogin" time="5.825" classname="testcases.HybridExecuteTest"/>
  <testcase name="testlogin" time="11.204" classname="testcases.HybridExecuteTest"/>
  <testcase name="testlogin" time="0.066" classname="testcases.HybridExecuteTest"/>
  <testcase name="testlogin" time="0.038" classname="testcases.HybridExecuteTest"/>
  <testcase name="testlogin" time="1.37" classname="testcases.HybridExecuteTest"/>
  <testcase name="testlogin" time="6.001" classname="testcases.HybridExecuteTest"/>
  <testcase name="testlogin" time="0.046" classname="testcases.HybridExecuteTest"/>
  <testcase name="testlogin" time="6.002" classname="testcases.HybridExecuteTest"/>
  <testcase name="testlogin" time="0.061" classname="testcases.HybridExecuteTest"/>
  <testcase name="testlogin" time="4.002" classname="testcases.HybridExecuteTest"/>
  <testcase name="testlogin" time="0.034" classname="testcases.HybridExecuteTest"/>
  <testcase name="testlogin" time="0.034" classname="testcases.HybridExecuteTest"/>
  <testcase name="testlogin" time="4.002" classname="testcases.HybridExecuteTest"/>
  <testcase name="testlogin" time="0.053" classname="testcases.HybridExecuteTest"/>
  <testcase name="testlogin" time="8.001" classname="testcases.HybridExecuteTest"/>
  <testcase name="testlogin" time="0.165" classname="testcases.HybridExecuteTest"/>
  <testcase name="testlogin" time="4.002" classname="testcases.HybridExecuteTest"/>
  <testcase name="testlogin" time="0.039" classname="testcases.HybridExecuteTest"/>
  <testcase name="testlogin" time="4.0" classname="testcases.HybridExecuteTest"/>
  <testcase name="testlogin" time="0.04" classname="testcases.HybridExecuteTest"/>
  <testcase name="testlogin" time="8.0" classname="testcases.HybridExecuteTest"/>
  <testcase name="testlogin" time="0.061" classname="testcases.HybridExecuteTest"/>
  <testcase name="testlogin" time="4.001" classname="testcases.HybridExecuteTest"/>
  <testcase name="testlogin" time="0.045" classname="testcases.HybridExecuteTest"/>
  <testcase name="testlogin" time="4.001" classname="testcases.HybridExecuteTest"/>
  <testcase name="testlogin" time="0.049" classname="testcases.HybridExecuteTest"/>
  <testcase name="testlogin" time="4.0" classname="testcases.HybridExecuteTest"/>
  <testcase name="testlogin" time="0.047" classname="testcases.HybridExecuteTest"/>
  <testcase name="testlogin" time="4.001" classname="testcases.HybridExecuteTest"/>
  <testcase name="testlogin" time="0.082" classname="testcases.HybridExecuteTest"/>
  <testcase name="testlogin" time="4.002" classname="testcases.HybridExecuteTest"/>
  <testcase name="testlogin" time="0.057" classname="testcases.HybridExecuteTest"/>
  <testcase name="testlogin" time="4.001" classname="testcases.HybridExecuteTest"/>
  <testcase name="testlogin" time="0.063" classname="testcases.HybridExecuteTest"/>
  <testcase name="testlogin" time="6.0" classname="testcases.HybridExecuteTest"/>
  <testcase name="testlogin" time="0.021" classname="testcases.HybridExecuteTest">
    <failure type="org.openqa.selenium.ElementNotInteractableException" message="
Build info: version: &amp;apos;3.4.0&amp;apos;, revision: &amp;apos;unknown&amp;apos;, time: &amp;apos;unknown&amp;apos;
System info: host: &amp;apos;EVS01CPB237&amp;apos;, ip: &amp;apos;172.16.30.135&amp;apos;, os.name: &amp;apos;Windows 10&amp;apos;, os.arch: &amp;apos;amd64&amp;apos;, os.version: &amp;apos;10.0&amp;apos;, java.version: &amp;apos;1.8.0_131&amp;apos;
Driver info: org.openqa.selenium.firefox.FirefoxDriver
Capabilities [{moz:profile=C:\Users\RAJEEV~1.SIN\AppData\Local\Temp\rust_mozprofile.aodFqh4URHLl, rotatable=false, timeouts={implicit=0.0, pageLoad=300000.0, script=30000.0}, pageLoadStrategy=normal, platform=ANY, specificationLevel=0.0, moz:accessibilityChecks=false, acceptInsecureCerts=false, browserVersion=53.0.2, platformVersion=10.0, moz:processID=10908.0, browserName=firefox, javascriptEnabled=true, platformName=windows_nt}]
Session ID: 7a4c8832-e011-45dd-8b7f-52744cc0c1fe">
      <![CDATA[org.openqa.selenium.ElementNotInteractableException: 
Build info: version: '3.4.0', revision: 'unknown', time: 'unknown'
System info: host: 'EVS01CPB237', ip: '172.16.30.135', os.name: 'Windows 10', os.arch: 'amd64', os.version: '10.0', java.version: '1.8.0_131'
Driver info: org.openqa.selenium.firefox.FirefoxDriver
Capabilities [{moz:profile=C:\Users\RAJEEV~1.SIN\AppData\Local\Temp\rust_mozprofile.aodFqh4URHLl, rotatable=false, timeouts={implicit=0.0, pageLoad=300000.0, script=30000.0}, pageLoadStrategy=normal, platform=ANY, specificationLevel=0.0, moz:accessibilityChecks=false, acceptInsecureCerts=false, browserVersion=53.0.2, platformVersion=10.0, moz:processID=10908.0, browserName=firefox, javascriptEnabled=true, platformName=windows_nt}]
Session ID: 7a4c8832-e011-45dd-8b7f-52744cc0c1fe
	at sun.reflect.NativeConstructorAccessorImpl.newInstance0(Native Method)
	at sun.reflect.NativeConstructorAccessorImpl.newInstance(Unknown Source)
	at sun.reflect.DelegatingConstructorAccessorImpl.newInstance(Unknown Source)
	at java.lang.reflect.Constructor.newInstance(Unknown Source)
	at org.openqa.selenium.remote.http.W3CHttpResponseCodec.createException(W3CHttpResponseCodec.java:150)
	at org.openqa.selenium.remote.http.W3CHttpResponseCodec.decode(W3CHttpResponseCodec.java:115)
	at org.openqa.selenium.remote.http.W3CHttpResponseCodec.decode(W3CHttpResponseCodec.java:45)
	at org.openqa.selenium.remote.HttpCommandExecutor.execute(HttpCommandExecutor.java:164)
	at org.openqa.selenium.remote.service.DriverCommandExecutor.execute(DriverCommandExecutor.java:82)
	at org.openqa.selenium.remote.RemoteWebDriver.execute(RemoteWebDriver.java:637)
	at org.openqa.selenium.remote.RemoteWebElement.execute(RemoteWebElement.java:272)
	at org.openqa.selenium.remote.RemoteWebElement.click(RemoteWebElement.java:82)
	at operation.UIoperations.perform(UIoperations.java:28)
	at testcases.HybridExecuteTest.testlogin(HybridExecuteTest.java:58)
	at sun.reflect.GeneratedMethodAccessor1.invoke(Unknown Source)
	at sun.reflect.DelegatingMethodAccessorImpl.invoke(Unknown Source)
	at java.lang.reflect.Method.invoke(Unknown Source)
	at org.testng.internal.MethodInvocationHelper.invokeMethod(MethodInvocationHelper.java:108)
	at org.testng.internal.Invoker.invokeMethod(Invoker.java:661)
	at org.testng.internal.Invoker.invokeTestMethod(Invoker.java:869)
	at org.testng.internal.Invoker.invokeTestMethods(Invoker.java:1193)
	at org.testng.internal.TestMethodWorker.invokeTestMethods(TestMethodWorker.java:126)
	at org.testng.internal.TestMethodWorker.run(TestMethodWorker.java:109)
	at org.testng.TestRunner.privateRun(TestRunner.java:744)
	at org.testng.TestRunner.run(TestRunner.java:602)
	at org.testng.SuiteRunner.runTest(SuiteRunner.java:380)
	at org.testng.SuiteRunner.runSequentially(SuiteRunner.java:375)
	at org.testng.SuiteRunner.privateRun(SuiteRunner.java:340)
	at org.testng.SuiteRunner.run(SuiteRunner.java:289)
	at org.testng.SuiteRunnerWorker.runSuite(SuiteRunnerWorker.java:52)
	at org.testng.SuiteRunnerWorker.run(SuiteRunnerWorker.java:86)
	at org.testng.TestNG.runSuitesSequentially(TestNG.java:1301)
	at org.testng.TestNG.runSuitesLocally(TestNG.java:1226)
	at org.testng.TestNG.runSuites(TestNG.java:1144)
	at org.testng.TestNG.run(TestNG.java:1115)
	at org.testng.remote.AbstractRemoteTestNG.run(AbstractRemoteTestNG.java:132)
	at org.testng.remote.RemoteTestNG.initAndRun(RemoteTestNG.java:230)
	at org.testng.remote.RemoteTestNG.main(RemoteTestNG.java:76)
]]>
    </failure>
  </testcase> <!-- testlogin -->
  <testcase name="testlogin" time="4.002" classname="testcases.HybridExecuteTest"/>
  <testcase name="testlogin" time="0.022" classname="testcases.HybridExecuteTest"/>
</testsuite> <!-- Default test -->
